<?xml version="1.0" encoding="UTF-8"?>
<testng-results ignored="0" total="1" passed="1" failed="0" skipped="0">
  <reporter-output>
  </reporter-output>
  <suite started-at="2023-10-19T11:50:49 IST" name="Default suite" finished-at="2023-10-19T11:51:48 IST" duration-ms="59136">
    <groups>
    </groups>
    <test started-at="2023-10-19T11:50:49 IST" name="Default test" finished-at="2023-10-19T11:51:48 IST" duration-ms="59136">
      <class name="com.qa.appiumproject.eCommerce_tc_4_Hybrid">
        <test-method signature="fillForm()[pri:0, instance:com.qa.appiumproject.eCommerce_tc_4_Hybrid@61001b64]" started-at="2023-10-19T11:50:49 IST" name="fillForm" finished-at="2023-10-19T11:51:48 IST" duration-ms="59076" status="PASS">
          <reporter-output>
          </reporter-output>
        </test-method> <!-- fillForm -->
      </class> <!-- com.qa.appiumproject.eCommerce_tc_4_Hybrid -->
    </test> <!-- Default test -->
  </suite> <!-- Default suite -->
</testng-results>
